
======== GPU REPORT ========

==============NVSMI LOG==============

Timestamp                                 : Thu Feb  1 09:51:19 2024
Driver Version                            : 535.104.12
CUDA Version                              : 12.2

Attached GPUs                             : 1
GPU 00000000:27:00.0
    Accounting Mode                       : Enabled
    Accounting Mode Buffer Size           : 4000
    Accounted Processes
        Process ID                        : 12971
            GPU Utilization               : 40 %
            Memory Utilization            : 11 %
            Max memory usage              : 3224 MiB
            Time                          : 99665 ms
            Is Running                    : 0
        Process ID                        : 16102
            GPU Utilization               : 18 %
            Memory Utilization            : 4 %
            Max memory usage              : 3760 MiB
            Time                          : 69308 ms
            Is Running                    : 0
        Process ID                        : 18560
            GPU Utilization               : 20 %
            Memory Utilization            : 3 %
            Max memory usage              : 1676 MiB
            Time                          : 61739 ms
            Is Running                    : 0
        Process ID                        : 21710
            GPU Utilization               : 13 %
            Memory Utilization            : 1 %
            Max memory usage              : 1378 MiB
            Time                          : 53082 ms
            Is Running                    : 0
        Process ID                        : 24189
            GPU Utilization               : 10 %
            Memory Utilization            : 1 %
            Max memory usage              : 1060 MiB
            Time                          : 51269 ms
            Is Running                    : 0

Thu Feb  1 09:51:19 2024       
+---------------------------------------------------------------------------------------+
| NVIDIA-SMI 535.104.12             Driver Version: 535.104.12   CUDA Version: 12.2     |
|-----------------------------------------+----------------------+----------------------+
| GPU  Name                 Persistence-M | Bus-Id        Disp.A | Volatile Uncorr. ECC |
| Fan  Temp   Perf          Pwr:Usage/Cap |         Memory-Usage | GPU-Util  Compute M. |
|                                         |                      |               MIG M. |
|=========================================+======================+======================|
|   0  Quadro RTX 8000                On  | 00000000:27:00.0 Off |                    0 |
| 35%   43C    P8              25W / 260W |      1MiB / 46080MiB |      0%      Default |
|                                         |                      |                  N/A |
+-----------------------------------------+----------------------+----------------------+
                                                                                         
+---------------------------------------------------------------------------------------+
| Processes:                                                                            |
|  GPU   GI   CI        PID   Type   Process name                            GPU Memory |
|        ID   ID                                                             Usage      |
|=======================================================================================|
|  No running processes found                                                           |
+---------------------------------------------------------------------------------------+
