
======== GPU REPORT ========

==============NVSMI LOG==============

Timestamp                                 : Tue Mar 19 10:56:50 2024
Driver Version                            : 535.104.12
CUDA Version                              : 12.2

Attached GPUs                             : 2
GPU 00000000:A4:00.0
    Accounting Mode                       : Enabled
    Accounting Mode Buffer Size           : 4000
    Accounted Processes
        Process ID                        : 1356721
            GPU Utilization               : 0 %
            Memory Utilization            : 0 %
            Max memory usage              : 274 MiB
            Time                          : 4847 ms
            Is Running                    : 0
        Process ID                        : 1359742
            GPU Utilization               : 33 %
            Memory Utilization            : 5 %
            Max memory usage              : 1316 MiB
            Time                          : 51318 ms
            Is Running                    : 0
        Process ID                        : 1361048
            GPU Utilization               : 33 %
            Memory Utilization            : 6 %
            Max memory usage              : 1644 MiB
            Time                          : 279028 ms
            Is Running                    : 0
        Process ID                        : 1364851
            GPU Utilization               : 33 %
            Memory Utilization            : 7 %
            Max memory usage              : 1644 MiB
            Time                          : 131642 ms
            Is Running                    : 0
        Process ID                        : 1366702
            GPU Utilization               : 14 %
            Memory Utilization            : 2 %
            Max memory usage              : 1616 MiB
            Time                          : 9199 ms
            Is Running                    : 0
        Process ID                        : 1366852
            GPU Utilization               : 2 %
            Memory Utilization            : 0 %
            Max memory usage              : 916 MiB
            Time                          : 5803 ms
            Is Running                    : 0
        Process ID                        : 1367023
            GPU Utilization               : 28 %
            Memory Utilization            : 5 %
            Max memory usage              : 1616 MiB
            Time                          : 747560 ms
            Is Running                    : 0
        Process ID                        : 1377779
            GPU Utilization               : 3 %
            Memory Utilization            : 0 %
            Max memory usage              : 1054 MiB
            Time                          : 6138 ms
            Is Running                    : 0
        Process ID                        : 1377890
            GPU Utilization               : 3 %
            Memory Utilization            : 0 %
            Max memory usage              : 1054 MiB
            Time                          : 5931 ms
            Is Running                    : 0

GPU 00000000:C3:00.0
    Accounting Mode                       : Enabled
    Accounting Mode Buffer Size           : 4000
    Accounted Processes
        Process ID                        : 1359742
            GPU Utilization               : 31 %
            Memory Utilization            : 4 %
            Max memory usage              : 930 MiB
            Time                          : 51264 ms
            Is Running                    : 0
        Process ID                        : 1361048
            GPU Utilization               : 32 %
            Memory Utilization            : 6 %
            Max memory usage              : 1392 MiB
            Time                          : 278977 ms
            Is Running                    : 0
        Process ID                        : 1364851
            GPU Utilization               : 33 %
            Memory Utilization            : 6 %
            Max memory usage              : 1392 MiB
            Time                          : 131586 ms
            Is Running                    : 0
        Process ID                        : 1366702
            GPU Utilization               : 13 %
            Memory Utilization            : 2 %
            Max memory usage              : 1266 MiB
            Time                          : 9146 ms
            Is Running                    : 0
        Process ID                        : 1366852
            GPU Utilization               : 1 %
            Memory Utilization            : 0 %
            Max memory usage              : 914 MiB
            Time                          : 5753 ms
            Is Running                    : 0
        Process ID                        : 1367023
            GPU Utilization               : 28 %
            Memory Utilization            : 5 %
            Max memory usage              : 1266 MiB
            Time                          : 747503 ms
            Is Running                    : 0
        Process ID                        : 1377779
            GPU Utilization               : 3 %
            Memory Utilization            : 0 %
            Max memory usage              : 1074 MiB
            Time                          : 6088 ms
            Is Running                    : 0
        Process ID                        : 1377890
            GPU Utilization               : 3 %
            Memory Utilization            : 0 %
            Max memory usage              : 1074 MiB
            Time                          : 5880 ms
            Is Running                    : 0

Tue Mar 19 10:56:50 2024       
+---------------------------------------------------------------------------------------+
| NVIDIA-SMI 535.104.12             Driver Version: 535.104.12   CUDA Version: 12.2     |
|-----------------------------------------+----------------------+----------------------+
| GPU  Name                 Persistence-M | Bus-Id        Disp.A | Volatile Uncorr. ECC |
| Fan  Temp   Perf          Pwr:Usage/Cap |         Memory-Usage | GPU-Util  Compute M. |
|                                         |                      |               MIG M. |
|=========================================+======================+======================|
|   0  Quadro RTX 8000                On  | 00000000:A4:00.0 Off |                    0 |
| 34%   33C    P8              29W / 260W |      1MiB / 46080MiB |      0%      Default |
|                                         |                      |                  N/A |
+-----------------------------------------+----------------------+----------------------+
|   1  Quadro RTX 8000                On  | 00000000:C3:00.0 Off |                    0 |
| 36%   37C    P5              26W / 260W |      1MiB / 46080MiB |      0%      Default |
|                                         |                      |                  N/A |
+-----------------------------------------+----------------------+----------------------+
                                                                                         
+---------------------------------------------------------------------------------------+
| Processes:                                                                            |
|  GPU   GI   CI        PID   Type   Process name                            GPU Memory |
|        ID   ID                                                             Usage      |
|=======================================================================================|
|  No running processes found                                                           |
+---------------------------------------------------------------------------------------+
